<?xml version="1.0" encoding="UTF-8"?>
<testsuite name="railse.workForceMgmt.WorkForceMgmtApplicationTests" tests="1" skipped="0" failures="0" errors="0" timestamp="2025-08-05T11:16:29.375Z" hostname="DESKTOP-O6BTQNR" time="1.336">
  <properties/>
  <testcase name="contextLoads()" classname="railse.workForceMgmt.WorkForceMgmtApplicationTests" time="1.336"/>
  <system-out><![CDATA[16:46:23.215 [Test worker] DEBUG org.springframework.boot.test.context.SpringBootTestContextBootstrapper - Neither @ContextConfiguration nor @ContextHierarchy found for test class [WorkForceMgmtApplicationTests]: using SpringBootContextLoader
16:46:23.235 [Test worker] DEBUG org.springframework.test.context.support.AbstractContextLoader - Could not detect default resource locations for test class [railse.workForceMgmt.WorkForceMgmtApplicationTests]: no resource found for suffixes {-context.xml, Context.groovy}.
16:46:23.238 [Test worker] INFO org.springframework.test.context.support.AnnotationConfigContextLoaderUtils - Could not detect default configuration classes for test class [railse.workForceMgmt.WorkForceMgmtApplicationTests]: WorkForceMgmtApplicationTests does not declare any static, non-private, non-final, nested classes annotated with @Configuration.
16:46:23.307 [Test worker] DEBUG org.springframework.boot.test.context.SpringBootTestContextBootstrapper - Using ContextCustomizers for test class [WorkForceMgmtApplicationTests]: [DisableObservabilityContextCustomizer, PropertyMappingContextCustomizer, Customizer, ExcludeFilterContextCustomizer, DuplicateJsonObjectContextCustomizer, MockitoContextCustomizer, TestRestTemplateContextCustomizer]
16:46:23.537 [Test worker] DEBUG org.springframework.context.annotation.ClassPathScanningCandidateComponentProvider - Identified candidate component class: file [E:\Study\Railse\workForceMgmt\build\classes\java\main\railse\workForceMgmt\WorkForceMgmtApplication.class]
16:46:23.543 [Test worker] INFO org.springframework.boot.test.context.SpringBootTestContextBootstrapper - Found @SpringBootConfiguration railse.workForceMgmt.WorkForceMgmtApplication for test class railse.workForceMgmt.WorkForceMgmtApplicationTests
16:46:23.936 [Test worker] DEBUG org.springframework.test.context.util.TestContextSpringFactoriesUtils - Skipping candidate TestExecutionListener [org.springframework.test.context.transaction.TransactionalTestExecutionListener] due to a missing dependency. Specify custom TestExecutionListener classes or make the default TestExecutionListener classes and their required dependencies available. Offending class: [org/springframework/transaction/interceptor/TransactionAttributeSource]
16:46:23.943 [Test worker] DEBUG org.springframework.test.context.util.TestContextSpringFactoriesUtils - Skipping candidate TestExecutionListener [org.springframework.test.context.jdbc.SqlScriptsTestExecutionListener] due to a missing dependency. Specify custom TestExecutionListener classes or make the default TestExecutionListener classes and their required dependencies available. Offending class: [org/springframework/transaction/interceptor/TransactionAttribute]
16:46:23.950 [Test worker] DEBUG org.springframework.boot.test.context.SpringBootTestContextBootstrapper - Using TestExecutionListeners for test class [WorkForceMgmtApplicationTests]: [ServletTestExecutionListener, DirtiesContextBeforeModesTestExecutionListener, ApplicationEventsTestExecutionListener, MockitoTestExecutionListener, DependencyInjectionTestExecutionListener, DirtiesContextTestExecutionListener, EventPublishingTestExecutionListener, RestDocsTestExecutionListener, MockRestServiceServerResetTestExecutionListener, MockMvcPrintOnlyOnFailureTestExecutionListener, WebDriverTestExecutionListener, MockWebServiceServerTestExecutionListener, ResetMocksTestExecutionListener]
16:46:23.956 [Test worker] DEBUG org.springframework.test.context.support.AbstractDirtiesContextTestExecutionListener - Before test class: class [WorkForceMgmtApplicationTests], class annotated with @DirtiesContext [false] with mode [null]

  .   ____          _            __ _ _
 /\\ / ___'_ __ _ _(_)_ __  __ _ \ \ \ \
( ( )\___ | '_ | '_| | '_ \/ _` | \ \ \ \
 \\/  ___)| |_)| | | | | || (_| |  ) ) ) )
  '  |____| .__|_| |_|_| |_\__, | / / / /
 =========|_|==============|___/=/_/_/_/
 :: Spring Boot ::                (v3.0.4)

2025-08-05T16:46:25.006+05:30  INFO 3568 --- [    Test worker] r.w.WorkForceMgmtApplicationTests        : Starting WorkForceMgmtApplicationTests using Java 17.0.16 with PID 3568 (started by Sumit kumar in E:\Study\Railse\workForceMgmt)
2025-08-05T16:46:25.024+05:30  INFO 3568 --- [    Test worker] r.w.WorkForceMgmtApplicationTests        : No active profile set, falling back to 1 default profile: "default"
2025-08-05T16:46:29.304+05:30  INFO 3568 --- [    Test worker] r.w.WorkForceMgmtApplicationTests        : Started WorkForceMgmtApplicationTests in 5.17 seconds (process running for 9.347)
]]></system-out>
  <system-err><![CDATA[]]></system-err>
</testsuite>
